2019-08-01 15:11:31,251 INFO o.a.j.u.JMeterUtils: Setting Locale to zh_TW
2019-08-01 15:11:31,298 INFO o.a.j.JMeter: Loading user properties from: user.properties
2019-08-01 15:11:31,298 INFO o.a.j.JMeter: Loading system properties from: system.properties
2019-08-01 15:11:31,314 INFO o.a.j.JMeter: Loading additional properties from: C:\apache-jmeter-5.1.1\bin\user.properties
2019-08-01 15:11:31,314 INFO o.a.j.JMeter: Copyright (c) 1998-2019 The Apache Software Foundation
2019-08-01 15:11:31,314 INFO o.a.j.JMeter: Version 5.1.1 r1855137
2019-08-01 15:11:31,314 INFO o.a.j.JMeter: java.version=1.8.0_221
2019-08-01 15:11:31,314 INFO o.a.j.JMeter: java.vm.name=Java HotSpot(TM) 64-Bit Server VM
2019-08-01 15:11:31,314 INFO o.a.j.JMeter: os.name=Windows 10
2019-08-01 15:11:31,314 INFO o.a.j.JMeter: os.arch=amd64
2019-08-01 15:11:31,314 INFO o.a.j.JMeter: os.version=10.0
2019-08-01 15:11:31,314 INFO o.a.j.JMeter: file.encoding=MS950
2019-08-01 15:11:31,314 INFO o.a.j.JMeter: java.awt.headless=true
2019-08-01 15:11:31,314 INFO o.a.j.JMeter: Max memory     =1037959168
2019-08-01 15:11:31,314 INFO o.a.j.JMeter: Available Processors =1
2019-08-01 15:11:31,330 INFO o.a.j.JMeter: Default Locale=中文 (台灣)
2019-08-01 15:11:31,330 INFO o.a.j.JMeter: JMeter  Locale=中文 (台灣)
2019-08-01 15:11:31,330 INFO o.a.j.JMeter: JMeterHome=C:\apache-jmeter-5.1.1
2019-08-01 15:11:31,330 INFO o.a.j.JMeter: user.dir  =C:\apache-jmeter-5.1.1\bin
2019-08-01 15:11:31,330 INFO o.a.j.JMeter: PWD       =C:\apache-jmeter-5.1.1\bin
2019-08-01 15:11:31,345 INFO o.a.j.JMeter: IP: 10.0.2.5 Name: DESKTOP-6LTFRO6 FullName: 10.0.2.5
2019-08-01 15:11:31,345 INFO o.a.j.JMeter: Setting property 'jmeter.reportgenerator.outputdir' to:'C:\icash2\0801\loginreport'
2019-08-01 15:11:31,345 INFO o.a.j.r.d.ReportGenerator: ReportGenerator will use for Parsing the separator: ','
2019-08-01 15:11:31,345 INFO o.a.j.r.d.ReportGenerator: Will only generate report from results file: C:\apache-jmeter-5.1.1\bin\result.jtl
2019-08-01 15:11:31,345 INFO o.a.j.r.d.ReportGenerator: Reading report generator properties from: C:\apache-jmeter-5.1.1\bin\reportgenerator.properties
2019-08-01 15:11:31,345 INFO o.a.j.r.d.ReportGenerator: Merging with JMeter properties
2019-08-01 15:11:31,360 INFO o.a.j.r.c.ReportGeneratorConfiguration: Property 'jmeter.reportgenerator.temp_dir' not found, using default value 'temp' instead.
2019-08-01 15:11:31,360 INFO o.a.j.r.c.ReportGeneratorConfiguration: Property 'jmeter.reportgenerator.apdex_per_transaction' not found, using default value 'null' instead.
2019-08-01 15:11:31,360 INFO o.a.j.r.c.ReportGeneratorConfiguration: apdex_per_transaction : {} is empty, not APDEX per transaction customization
2019-08-01 15:11:31,360 INFO o.a.j.r.c.ReportGeneratorConfiguration: Property 'jmeter.reportgenerator.sample_filter' not found, using default value 'null' instead.
2019-08-01 15:11:31,360 INFO o.a.j.r.c.ReportGeneratorConfiguration: Property 'jmeter.reportgenerator.report_title' not found, using default value 'null' instead.
2019-08-01 15:11:31,360 INFO o.a.j.r.c.ReportGeneratorConfiguration: Property 'jmeter.reportgenerator.start_date' not found, using default value 'null' instead.
2019-08-01 15:11:31,360 INFO o.a.j.r.c.ReportGeneratorConfiguration: Property 'jmeter.reportgenerator.end_date' not found, using default value 'null' instead.
2019-08-01 15:11:31,360 INFO o.a.j.r.c.ReportGeneratorConfiguration: Property 'jmeter.reportgenerator.date_format' not found, using default value 'null' instead.
2019-08-01 15:11:31,360 INFO o.a.j.r.c.ReportGeneratorConfiguration: Will use date range start date: null, end date: null
2019-08-01 15:11:31,376 INFO o.a.j.r.c.ReportGeneratorConfiguration: Property 'jmeter.reportgenerator.graph.totalTPS.exclude_controllers' not found, using default value 'false' instead.
2019-08-01 15:11:31,376 INFO o.a.j.r.c.ReportGeneratorConfiguration: Property 'jmeter.reportgenerator.graph.activeThreadsOverTime.exclude_controllers' not found, using default value 'false' instead.
2019-08-01 15:11:31,376 INFO o.a.j.r.c.ReportGeneratorConfiguration: Property 'jmeter.reportgenerator.graph.timeVsThreads.exclude_controllers' not found, using default value 'false' instead.
2019-08-01 15:11:31,376 INFO o.a.j.r.c.ReportGeneratorConfiguration: Property 'jmeter.reportgenerator.graph.responseTimeDistribution.exclude_controllers' not found, using default value 'false' instead.
2019-08-01 15:11:31,376 INFO o.a.j.r.c.ReportGeneratorConfiguration: Property 'jmeter.reportgenerator.graph.transactionsPerSecond.exclude_controllers' not found, using default value 'false' instead.
2019-08-01 15:11:31,376 INFO o.a.j.r.c.ReportGeneratorConfiguration: Property 'jmeter.reportgenerator.graph.responseTimePercentiles.exclude_controllers' not found, using default value 'false' instead.
2019-08-01 15:11:31,376 INFO o.a.j.r.c.ReportGeneratorConfiguration: Property 'jmeter.reportgenerator.graph.responseTimePercentilesOverTime.exclude_controllers' not found, using default value 'false' instead.
2019-08-01 15:11:31,376 INFO o.a.j.r.c.ReportGeneratorConfiguration: Property 'jmeter.reportgenerator.graph.responseTimesOverTime.exclude_controllers' not found, using default value 'false' instead.
2019-08-01 15:11:31,376 INFO o.a.j.r.c.ReportGeneratorConfiguration: Property 'jmeter.reportgenerator.graph.connectTimeOverTime.exclude_controllers' not found, using default value 'false' instead.
2019-08-01 15:11:31,376 INFO o.a.j.r.c.ReportGeneratorConfiguration: Property 'jmeter.reportgenerator.graph.latenciesOverTime.exclude_controllers' not found, using default value 'false' instead.
2019-08-01 15:11:31,376 INFO o.a.j.r.c.ReportGeneratorConfiguration: Property 'jmeter.reportgenerator.exporter.json.filters_only_sample_series' not found, using default value 'true' instead.
2019-08-01 15:11:31,376 INFO o.a.j.r.c.ReportGeneratorConfiguration: Property 'jmeter.reportgenerator.exporter.json.series_filter' not found, using default value '' instead.
2019-08-01 15:11:31,376 INFO o.a.j.r.c.ReportGeneratorConfiguration: Property 'jmeter.reportgenerator.exporter.json.show_controllers_only' not found, using default value 'false' instead.
2019-08-01 15:11:31,376 INFO o.a.j.r.c.ReportGeneratorConfiguration: Property 'jmeter.reportgenerator.exporter.html.filters_only_sample_series' not found, using default value 'true' instead.
2019-08-01 15:11:31,376 INFO o.a.j.r.c.ReportGeneratorConfiguration: Property 'jmeter.reportgenerator.exporter.html.series_filter' not found, using default value '' instead.
2019-08-01 15:11:31,376 INFO o.a.j.r.c.ReportGeneratorConfiguration: Property 'jmeter.reportgenerator.exporter.html.show_controllers_only' not found, using default value 'false' instead.
2019-08-01 15:11:31,626 INFO o.a.j.s.SaveService: Testplan (JMX) version: 2.2. Testlog (JTL) version: 2.2
2019-08-01 15:11:31,642 INFO o.a.j.s.SaveService: Using SaveService properties file encoding UTF-8
2019-08-01 15:11:31,642 INFO o.a.j.s.SaveService: Using SaveService properties version 5.0
2019-08-01 15:11:31,689 INFO o.a.j.r.p.NormalizerSampleConsumer: Using format, 'ms', to parse timeStamp field
2019-08-01 15:11:31,985 INFO o.a.j.r.p.AbstractSampleConsumer: class org.apache.jmeter.report.processor.AggregateConsumer#stopProducing(): beginDate produced 0 samples
2019-08-01 15:11:31,985 INFO o.a.j.r.p.AbstractSampleConsumer: class org.apache.jmeter.report.processor.AggregateConsumer#stopProducing(): endDate produced 0 samples
2019-08-01 15:11:32,001 INFO o.a.j.r.p.AbstractSampleConsumer: class org.apache.jmeter.report.processor.ApdexSummaryConsumer#stopProducing(): apdexSummary produced 0 samples
2019-08-01 15:11:32,001 INFO o.a.j.r.p.AbstractSampleConsumer: class org.apache.jmeter.report.processor.RequestsSummaryConsumer#stopProducing(): requestsSummary produced 0 samples
2019-08-01 15:11:32,001 INFO o.a.j.r.p.AbstractSampleConsumer: class org.apache.jmeter.report.processor.StatisticsSummaryConsumer#stopProducing(): statisticsSummary produced 0 samples
2019-08-01 15:11:32,017 INFO o.a.j.r.p.AbstractSampleConsumer: class org.apache.jmeter.report.processor.Top5ErrorsBySamplerConsumer#stopProducing(): top5ErrorsBySampler produced 0 samples
2019-08-01 15:11:32,017 INFO o.a.j.r.p.AbstractSampleConsumer: class org.apache.jmeter.report.processor.ErrorsSummaryConsumer#stopProducing(): errorsSummary produced 0 samples
2019-08-01 15:11:32,017 INFO o.a.j.r.p.AbstractSampleConsumer: class org.apache.jmeter.report.processor.graph.impl.HitsPerSecondGraphConsumer#stopProducing(): hitsPerSecond produced 0 samples
2019-08-01 15:11:32,064 INFO o.a.j.r.p.AbstractSampleConsumer: class org.apache.jmeter.report.processor.graph.impl.LatencyVSRequestGraphConsumer#stopProducing(): latencyVsRequest produced 0 samples
2019-08-01 15:11:32,064 INFO o.a.j.r.p.AbstractSampleConsumer: class org.apache.jmeter.report.processor.graph.impl.SyntheticResponseTimeDistributionGraphConsumer#stopProducing(): syntheticResponseTimeDistribution produced 0 samples
2019-08-01 15:11:32,064 INFO o.a.j.r.p.AbstractSampleConsumer: class org.apache.jmeter.report.processor.graph.impl.BytesThroughputGraphConsumer#stopProducing(): bytesThroughputOverTime produced 0 samples
2019-08-01 15:11:32,064 INFO o.a.j.r.p.AbstractSampleConsumer: class org.apache.jmeter.report.processor.graph.impl.CodesPerSecondGraphConsumer#stopProducing(): codesPerSecond produced 0 samples
2019-08-01 15:11:32,080 INFO o.a.j.r.p.AbstractSampleConsumer: class org.apache.jmeter.report.processor.graph.impl.ResponseTimeVSRequestGraphConsumer#stopProducing(): responseTimeVsRequest produced 0 samples
2019-08-01 15:11:32,080 INFO o.a.j.r.p.AbstractSampleConsumer: class org.apache.jmeter.report.processor.FilterConsumer#stopProducing(): startIntervalControlerFilter produced 217 samples
2019-08-01 15:11:32,080 INFO o.a.j.r.p.AbstractSampleConsumer: class org.apache.jmeter.report.processor.graph.impl.TotalTPSGraphConsumer#stopProducing(): totalTPS produced 0 samples
2019-08-01 15:11:32,080 INFO o.a.j.r.p.AbstractSampleConsumer: class org.apache.jmeter.report.processor.graph.impl.ActiveThreadsGraphConsumer#stopProducing(): activeThreadsOverTime produced 0 samples
2019-08-01 15:11:32,080 INFO o.a.j.r.p.AbstractSampleConsumer: class org.apache.jmeter.report.processor.graph.impl.TimeVSThreadGraphConsumer#stopProducing(): timeVsThreads produced 0 samples
2019-08-01 15:11:32,080 INFO o.a.j.r.p.AbstractSampleConsumer: class org.apache.jmeter.report.processor.graph.impl.ResponseTimeDistributionGraphConsumer#stopProducing(): responseTimeDistribution produced 0 samples
2019-08-01 15:11:32,080 INFO o.a.j.r.p.AbstractSampleConsumer: class org.apache.jmeter.report.processor.graph.impl.TransactionsPerSecondGraphConsumer#stopProducing(): transactionsPerSecond produced 0 samples
2019-08-01 15:11:32,080 INFO o.a.j.r.p.AbstractSampleConsumer: class org.apache.jmeter.report.processor.graph.impl.ResponseTimePercentilesGraphConsumer#stopProducing(): responseTimePercentiles produced 0 samples
2019-08-01 15:11:32,080 INFO o.a.j.r.p.AbstractSampleConsumer: class org.apache.jmeter.report.processor.graph.impl.ResponseTimePercentilesOverTimeGraphConsumer#stopProducing(): responseTimePercentilesOverTime produced 0 samples
2019-08-01 15:11:32,080 INFO o.a.j.r.p.AbstractSampleConsumer: class org.apache.jmeter.report.processor.graph.impl.ResponseTimeOverTimeGraphConsumer#stopProducing(): responseTimesOverTime produced 0 samples
2019-08-01 15:11:32,080 INFO o.a.j.r.p.AbstractSampleConsumer: class org.apache.jmeter.report.processor.graph.impl.ConnectTimeOverTimeGraphConsumer#stopProducing(): connectTimeOverTime produced 0 samples
2019-08-01 15:11:32,080 INFO o.a.j.r.p.AbstractSampleConsumer: class org.apache.jmeter.report.processor.graph.impl.LatencyOverTimeGraphConsumer#stopProducing(): latenciesOverTime produced 0 samples
2019-08-01 15:11:32,080 INFO o.a.j.r.p.AbstractSampleConsumer: class org.apache.jmeter.report.processor.FilterConsumer#stopProducing(): nameFilter produced 465 samples
2019-08-01 15:11:32,080 INFO o.a.j.r.p.AbstractSampleConsumer: class org.apache.jmeter.report.processor.FilterConsumer#stopProducing(): dateRangeFilter produced 93 samples
2019-08-01 15:11:32,080 INFO o.a.j.r.p.AbstractSampleConsumer: class org.apache.jmeter.report.processor.NormalizerSampleConsumer#stopProducing(): normalizer produced 31 samples
2019-08-01 15:11:32,080 INFO o.a.j.r.p.CsvFileSampleSource: produce(): 31 samples produced in 266ms on channel 0
2019-08-01 15:11:32,080 INFO o.a.j.r.d.ReportGenerator: Exporting data using exporter:'json' of className:'org.apache.jmeter.report.dashboard.JsonExporter'
2019-08-01 15:11:32,095 INFO o.a.j.r.d.JsonExporter: Found data for consumer statisticsSummary?in context
2019-08-01 15:11:32,095 INFO o.a.j.r.d.JsonExporter: Creating statistics for overall
2019-08-01 15:11:32,095 INFO o.a.j.r.d.JsonExporter: Creating statistics for other transactions
2019-08-01 15:11:32,095 INFO o.a.j.r.d.JsonExporter: Checking output folder
2019-08-01 15:11:32,095 INFO o.a.j.r.d.JsonExporter: Writing statistics JSON to C:\icash2\0801\loginreport\statistics.json
2019-08-01 15:11:32,861 INFO o.a.j.r.d.ReportGenerator: Exporting data using exporter:'html' of className:'org.apache.jmeter.report.dashboard.HtmlTemplateExporter'
2019-08-01 15:11:32,861 INFO o.a.j.r.d.HtmlTemplateExporter: Will generate dashboard in folder: C:\icash2\0801\loginreport
2019-08-01 15:11:33,018 INFO o.a.j.r.d.HtmlTemplateExporter: Report will be generated in: C:\icash2\0801\loginreport, creating folder structure
2019-08-01 15:11:33,032 INFO o.a.j.r.d.TemplateVisitor: Copying folder from 'C:\apache-jmeter-5.1.1\bin\report-template' to 'C:\icash2\0801\loginreport', got message:[C:\icash2\0801\loginreport\statistics.json], found non empty folder with following content {}, will be ignored
